mode: set
mlb/backends_inventory/backends_inventory.go:19.91,20.46 1 1
mlb/backends_inventory/backends_inventory.go:20.46,29.3 1 1
mlb/backends_inventory/backends_inventory.go:30.2,37.18 3 1
mlb/backends_inventory/backends_inventory.go:40.77,42.2 1 1
mlb/backends_inventory/backends_inventory.go:44.49,46.2 1 1
mlb/backends_inventory/consul.go:25.13,27.2 1 1
mlb/backends_inventory/consul.go:71.84,74.2 2 1
mlb/backends_inventory/consul.go:76.96,78.77 2 1
mlb/backends_inventory/consul.go:78.77,80.3 1 1
mlb/backends_inventory/consul.go:81.2,82.25 2 1
mlb/backends_inventory/consul.go:82.25,84.3 1 1
mlb/backends_inventory/consul.go:85.2,85.28 1 1
mlb/backends_inventory/consul.go:85.28,87.3 1 1
mlb/backends_inventory/consul.go:88.2,88.31 1 1
mlb/backends_inventory/consul.go:88.31,90.3 1 1
mlb/backends_inventory/consul.go:91.2,91.15 1 1
mlb/backends_inventory/consul.go:94.112,120.12 12 1
mlb/backends_inventory/consul.go:120.12,128.7 6 1
mlb/backends_inventory/consul.go:128.7,131.40 2 1
mlb/backends_inventory/consul.go:131.40,133.5 1 1
mlb/backends_inventory/consul.go:133.10,133.25 1 1
mlb/backends_inventory/consul.go:133.25,135.60 2 1
mlb/backends_inventory/consul.go:135.60,137.6 1 1
mlb/backends_inventory/consul.go:138.10,139.53 1 1
mlb/backends_inventory/consul.go:139.53,141.6 1 1
mlb/backends_inventory/consul.go:143.5,145.41 2 1
mlb/backends_inventory/consul.go:145.41,162.6 3 1
mlb/backends_inventory/consul.go:164.5,164.44 1 1
mlb/backends_inventory/consul.go:164.44,175.6 6 1
mlb/backends_inventory/consul.go:177.5,177.34 1 1
mlb/backends_inventory/consul.go:177.34,184.6 3 1
mlb/backends_inventory/consul.go:186.5,186.19 1 1
mlb/backends_inventory/consul.go:189.4,189.11 1 1
mlb/backends_inventory/consul.go:190.22,190.22 0 1
mlb/backends_inventory/consul.go:191.24,192.11 1 1
mlb/backends_inventory/consul.go:197.2,197.10 1 1
mlb/backends_inventory/consul.go:200.85,202.2 1 1
mlb/backends_inventory/consul.go:204.93,206.15 1 1
mlb/backends_inventory/consul.go:206.15,207.31 1 1
mlb/backends_inventory/consul.go:207.31,209.4 1 1
mlb/backends_inventory/consul.go:212.2,226.28 10 1
mlb/backends_inventory/consul.go:226.28,227.62 1 1
mlb/backends_inventory/consul.go:230.2,239.18 7 1
mlb/backends_inventory/consul.go:242.50,244.2 1 1
mlb/backends_inventory/consul.go:246.73,248.2 1 1
mlb/backends_inventory/consul.go:250.68,252.2 1 1
mlb/backends_inventory/consul.go:254.79,257.29 2 1
mlb/backends_inventory/consul.go:257.29,260.3 2 1
mlb/backends_inventory/consul.go:262.2,262.14 1 1
mlb/backends_inventory/consul.go:265.156,270.16 4 1
mlb/backends_inventory/consul.go:270.16,272.3 1 1
mlb/backends_inventory/consul.go:274.2,274.16 1 1
mlb/backends_inventory/consul.go:274.16,276.3 1 1
mlb/backends_inventory/consul.go:278.2,281.38 3 1
mlb/backends_inventory/consul.go:281.38,285.73 2 1
mlb/backends_inventory/consul.go:285.73,288.4 1 1
mlb/backends_inventory/consul.go:288.9,288.21 1 1
mlb/backends_inventory/consul.go:288.21,290.4 1 1
mlb/backends_inventory/consul.go:293.2,293.38 1 1
mlb/backends_inventory/consul.go:293.38,297.18 2 1
mlb/backends_inventory/consul.go:297.18,299.4 1 1
mlb/backends_inventory/consul.go:302.2,302.33 1 1
mlb/backends_inventory/consul.go:305.41,308.2 2 1
mlb/backends_inventory/static.go:17.13,19.2 1 1
mlb/backends_inventory/static.go:36.84,39.2 2 1
mlb/backends_inventory/static.go:41.96,43.77 2 1
mlb/backends_inventory/static.go:43.77,45.3 1 1
mlb/backends_inventory/static.go:46.2,47.15 2 1
mlb/backends_inventory/static.go:50.112,59.39 3 1
mlb/backends_inventory/static.go:59.39,64.3 1 1
mlb/backends_inventory/static.go:66.2,68.10 2 1
mlb/backends_inventory/static.go:71.85,73.2 1 1
mlb/backends_inventory/static.go:75.50,77.2 1 1
mlb/backends_inventory/static.go:79.71,81.2 1 1
mlb/backends_inventory/static.go:83.68,85.2 1 1
mlb/backend/backend.go:21.36,27.2 2 1
mlb/backend/backend.go:29.46,31.2 1 1
mlb/backend/backend.go:33.130,36.16 2 1
mlb/backend/backend.go:36.16,38.3 1 1
mlb/backend/backend.go:38.8,40.3 1 1
mlb/backend/backend.go:42.2,51.18 3 1
mlb/backend/backend.go:51.18,53.3 1 1
mlb/backend/backend.go:55.2,56.16 2 1
mlb/backend/backend.go:56.16,66.3 2 1
mlb/backend/backend.go:68.2,68.20 1 1
mlb/backend/backend.go:80.30,86.2 1 1
mlb/backend/backend.go:88.38,89.40 1 1
mlb/backend/backend.go:89.40,92.3 2 1
mlb/backend/backend.go:92.8,92.49 1 1
mlb/backend/backend.go:92.49,95.3 2 1
mlb/backend/backend.go:98.52,100.18 2 1
mlb/backend/backend.go:100.18,103.3 2 1
mlb/backend/backend.go:104.2,107.9 3 1
mlb/backend/backend.go:108.18,109.13 1 1
mlb/backend/backend.go:110.20,111.19 1 1
mlb/backend/backend.go:115.49,119.2 3 1
mlb/backend/backend.go:121.43,125.2 3 1
mlb/backend/backend.go:127.49,129.43 2 1
mlb/backend/backend.go:129.43,131.3 1 1
mlb/backend/backend.go:132.2,132.17 1 1
mlb/backend/backend.go:135.36,140.2 4 1
mlb/backend/backend.go:142.61,146.47 3 1
mlb/backend/backend.go:146.47,147.20 1 1
mlb/backend/backend.go:147.20,149.4 1 1
mlb/backend/backend.go:150.3,150.46 1 1
mlb/backend/backend.go:151.8,153.3 1 1
mlb/backend/backend.go:154.2,154.21 1 1
mlb/backend/backend.go:157.43,162.2 4 1
mlb/backend/backend.go:164.45,169.2 4 1
mlb/backend/backend.go:171.31,175.2 3 1
mlb/backend/backend.go:177.57,181.2 3 1
mlb/backend/backend.go:183.62,189.25 5 1
mlb/backend/backend.go:189.25,195.3 1 1
mlb/backend/backend.go:198.45,203.25 4 1
mlb/backend/backend.go:203.25,205.3 1 1
mlb/backend/meta.go:18.41,22.2 1 1
mlb/backend/meta.go:24.54,27.25 2 1
mlb/backend/meta.go:27.25,29.3 1 1
mlb/backend/meta.go:31.2,31.10 1 1
mlb/backend/meta.go:34.67,38.34 3 1
mlb/backend/meta.go:38.34,40.3 1 1
mlb/backend/meta.go:41.2,41.29 1 1
mlb/backend/meta.go:45.61,46.17 1 1
mlb/backend/meta.go:46.17,48.3 1 1
mlb/backend/meta.go:49.2,54.27 4 1
mlb/backend/meta.go:54.27,55.29 1 1
mlb/backend/meta.go:55.29,57.4 1 1
mlb/backend/meta.go:60.2,60.19 1 1
mlb/backend/meta.go:63.68,67.34 3 1
mlb/backend/meta.go:67.34,69.3 1 1
mlb/backend/meta.go:70.2,70.39 1 1
mlb/backend/meta.go:70.39,72.3 1 1
mlb/backend/meta.go:73.2,73.34 1 1
mlb/backend/meta.go:76.43,82.27 4 1
mlb/backend/meta.go:82.27,84.3 1 1
mlb/backend/meta.go:86.2,86.31 1 1
mlb/backend/meta.go:89.46,90.16 1 1
mlb/backend/meta.go:90.16,92.3 1 1
mlb/backend/meta.go:93.2,99.36 5 1
mlb/backend/meta.go:99.36,101.3 1 1
mlb/backend/meta.go:103.2,103.27 1 1
mlb/backend/meta.go:103.27,105.34 2 1
mlb/backend/meta.go:105.34,107.4 1 1
mlb/backend/meta.go:110.2,110.13 1 1
mlb/backend/meta.go:113.36,118.27 4 1
mlb/backend/meta.go:118.27,120.3 1 1
mlb/backend/meta.go:121.2,121.12 1 1
mlb/backend/meta.go:124.49,126.2 1 1
mlb/backend/meta.go:132.50,133.26 1 1
mlb/backend/meta.go:133.26,135.3 1 1
mlb/backend/meta.go:137.2,137.22 1 1
mlb/backend/meta.go:137.22,139.42 2 1
mlb/backend/meta.go:139.42,141.4 1 1
mlb/backend/meta.go:144.2,144.13 1 1
mlb/backend/meta.go:147.40,149.22 2 1
mlb/backend/meta.go:149.22,151.3 1 1
mlb/backend/meta.go:152.2,152.12 1 1
mlb/backend/meta.go:155.51,158.22 2 1
mlb/backend/meta.go:158.22,160.3 1 1
mlb/backend/meta.go:162.2,162.24 1 1
mlb/module/list.go:17.35,19.2 1 1
mlb/module/list.go:21.43,23.2 1 1
mlb/module/list.go:25.46,27.9 2 1
mlb/module/list.go:27.9,29.3 1 1
mlb/module/list.go:31.2,32.9 2 1
mlb/module/list.go:32.9,38.3 1 1
mlb/module/list.go:40.2,40.15 1 1
mlb/module/list.go:43.61,46.28 2 1
mlb/module/list.go:46.28,48.9 2 1
mlb/module/list.go:48.9,50.4 1 1
mlb/module/list.go:53.2,53.13 1 1
mlb/balancer/balancer.go:19.91,20.46 1 1
mlb/balancer/balancer.go:20.46,29.3 1 1
mlb/balancer/balancer.go:30.2,37.18 3 1
mlb/balancer/balancer.go:40.77,42.2 1 1
mlb/balancer/balancer.go:44.49,46.2 1 1
mlb/balancer/wrr.go:22.13,24.2 1 1
mlb/balancer/wrr.go:50.72,53.2 2 1
mlb/balancer/wrr.go:55.72,57.77 2 1
mlb/balancer/wrr.go:57.77,59.3 1 1
mlb/balancer/wrr.go:60.2,61.26 2 1
mlb/balancer/wrr.go:61.26,63.3 1 1
mlb/balancer/wrr.go:64.2,64.15 1 1
mlb/balancer/wrr.go:67.100,91.12 9 1
mlb/balancer/wrr.go:91.12,98.7 5 1
mlb/balancer/wrr.go:98.7,99.11 1 1
mlb/balancer/wrr.go:100.28,103.21 2 1
mlb/balancer/wrr.go:104.34,107.27 3 1
mlb/balancer/wrr.go:107.27,109.7 1 1
mlb/balancer/wrr.go:111.6,114.34 4 1
mlb/balancer/wrr.go:114.34,116.7 1 1
mlb/balancer/wrr.go:117.37,119.42 2 1
mlb/balancer/wrr.go:119.42,120.30 1 1
mlb/balancer/wrr.go:120.30,122.8 1 1
mlb/balancer/wrr.go:125.6,127.27 3 1
mlb/balancer/wrr.go:127.27,129.7 1 1
mlb/balancer/wrr.go:131.6,135.33 4 1
mlb/balancer/wrr.go:135.33,137.78 2 1
mlb/balancer/wrr.go:137.78,137.105 1 1
mlb/balancer/wrr.go:138.7,138.35 1 1
mlb/balancer/wrr.go:138.35,140.8 1 1
mlb/balancer/wrr.go:142.36,144.77 2 1
mlb/balancer/wrr.go:144.77,144.104 1 1
mlb/balancer/wrr.go:145.6,145.36 1 1
mlb/balancer/wrr.go:148.5,148.18 1 1
mlb/balancer/wrr.go:150.24,151.19 1 1
mlb/balancer/wrr.go:156.2,156.10 1 1
mlb/balancer/wrr.go:159.62,164.55 3 1
mlb/balancer/wrr.go:164.55,170.3 5 1
mlb/balancer/wrr.go:172.2,172.29 1 1
mlb/balancer/wrr.go:172.29,175.3 2 1
mlb/balancer/wrr.go:175.8,177.3 1 1
mlb/balancer/wrr.go:180.64,181.9 1 1
mlb/balancer/wrr.go:182.24,182.24 0 1
mlb/balancer/wrr.go:183.23,183.23 0 0
mlb/balancer/wrr.go:187.70,189.2 1 1
mlb/balancer/wrr.go:191.48,193.2 1 1
mlb/balancer/wrr.go:195.38,197.2 1 1
mlb/balancer/wrr.go:199.59,201.2 1 1
mlb/balancer/wrr.go:203.56,205.2 1 1
mlb/misc/exponential_backoff.go:15.129,22.2 1 1
mlb/misc/exponential_backoff.go:25.39,27.2 1 1
mlb/misc/exponential_backoff.go:30.51,33.41 2 1
mlb/misc/exponential_backoff.go:33.41,35.42 2 1
mlb/misc/exponential_backoff.go:35.42,37.4 1 1
mlb/misc/exponential_backoff.go:40.2,40.17 1 1
mlb/misc/exponential_backoff.go:44.58,46.9 2 1
mlb/misc/exponential_backoff.go:47.17,47.17 0 1
mlb/misc/exponential_backoff.go:48.20,48.20 0 1
mlb/misc/exponential_backoff_ticker.go:12.141,22.2 3 1
mlb/misc/exponential_backoff_ticker.go:24.44,26.2 1 1
mlb/misc/exponential_backoff_ticker.go:28.67,35.28 5 1
mlb/misc/exponential_backoff_ticker.go:35.28,37.3 1 1
mlb/misc/exponential_backoff_ticker.go:37.8,39.3 1 1
mlb/misc/exponential_backoff_ticker.go:42.74,45.28 3 1
mlb/misc/exponential_backoff_ticker.go:45.28,48.3 2 1
mlb/misc/exponential_backoff_ticker.go:48.8,50.3 1 1
mlb/misc/misc.go:7.28,8.16 1 1
mlb/misc/misc.go:8.16,9.13 1 1
mlb/misc/misc.go:13.41,14.27 1 1
mlb/misc/misc.go:15.13,16.13 1 1
mlb/misc/misc.go:17.10,18.31 1 1
mlb/config/config.go:56.71,64.2 2 1
mlb/config/config.go:66.57,76.15 4 1
mlb/config/config.go:76.15,77.19 1 1
mlb/config/config.go:77.19,79.4 1 1
mlb/config/config.go:82.2,85.20 3 1
mlb/config/config.go:85.20,87.3 1 1
mlb/config/config.go:89.2,94.39 4 1
mlb/config/config.go:94.39,95.21 1 1
mlb/config/config.go:96.72,97.41 1 1
mlb/config/config.go:97.41,99.5 1 1
mlb/config/config.go:100.4,100.58 1 1
mlb/config/config.go:100.58,102.5 1 1
mlb/config/config.go:103.4,103.129 1 1
mlb/config/config.go:106.2,107.39 2 1
mlb/config/config.go:107.39,109.37 2 1
mlb/config/config.go:109.37,111.30 2 1
mlb/config/config.go:111.30,113.5 1 1
mlb/config/config.go:114.4,114.49 1 1
mlb/config/config.go:116.3,116.49 1 1
mlb/config/config.go:118.2,137.39 2 1
mlb/config/config.go:137.39,138.21 1 1
mlb/config/config.go:139.29,142.21 3 1
mlb/config/config.go:142.21,144.5 1 1
mlb/config/config.go:145.29,148.21 3 1
mlb/config/config.go:148.21,150.5 1 1
mlb/config/config.go:151.19,154.21 3 1
mlb/config/config.go:154.21,156.5 1 1
mlb/config/config.go:157.16,160.21 3 1
mlb/config/config.go:160.21,162.5 1 1
mlb/config/config.go:163.18,166.42 3 1
mlb/config/config.go:167.17,170.41 3 1
mlb/config/config.go:174.2,174.17 1 1
mlb/metrics/http.go:22.98,26.2 3 1
mlb/metrics/http.go:28.64,29.57 1 1
mlb/metrics/http.go:29.57,39.3 5 1
mlb/metrics/http.go:40.2,40.32 1 1
mlb/metrics/http.go:43.83,48.32 3 1
mlb/metrics/http.go:48.32,51.58 3 1
mlb/metrics/http.go:51.58,53.4 1 0
mlb/metrics/http.go:57.2,58.70 1 1
mlb/metrics/http.go:58.70,60.44 2 1
mlb/metrics/http.go:60.44,62.5 1 1
mlb/metrics/http.go:62.19,64.5 1 0
mlb/metrics/http.go:65.4,65.16 1 1
mlb/metrics/http.go:70.2,71.16 2 1
mlb/metrics/http.go:71.16,73.3 1 1
mlb/metrics/http.go:76.2,76.12 1 1
mlb/metrics/http.go:76.12,81.43 4 1
mlb/metrics/http.go:81.43,83.4 1 1
mlb/metrics/http.go:84.3,84.49 1 0
mlb/metrics/http.go:87.2,87.12 1 1
mlb/backends_processor/backends_processor.go:19.91,20.46 1 1
mlb/backends_processor/backends_processor.go:20.46,29.3 1 1
mlb/backends_processor/backends_processor.go:30.2,37.18 3 1
mlb/backends_processor/backends_processor.go:40.77,42.2 1 1
mlb/backends_processor/backends_processor.go:44.49,46.2 1 1
mlb/backends_processor/consul_kv.go:24.13,26.2 1 1
mlb/backends_processor/consul_kv.go:64.69,67.2 2 1
mlb/backends_processor/consul_kv.go:69.66,71.77 2 1
mlb/backends_processor/consul_kv.go:71.77,73.3 1 1
mlb/backends_processor/consul_kv.go:74.2,75.25 2 1
mlb/backends_processor/consul_kv.go:75.25,77.3 1 1
mlb/backends_processor/consul_kv.go:78.2,78.28 1 1
mlb/backends_processor/consul_kv.go:78.28,80.3 1 1
mlb/backends_processor/consul_kv.go:81.2,81.31 1 1
mlb/backends_processor/consul_kv.go:81.31,83.3 1 1
mlb/backends_processor/consul_kv.go:84.2,84.15 1 1
mlb/backends_processor/consul_kv.go:87.97,112.34 8 1
mlb/backends_processor/consul_kv.go:112.34,114.3 1 1
mlb/backends_processor/consul_kv.go:116.2,121.12 4 1
mlb/backends_processor/consul_kv.go:121.12,130.7 6 1
mlb/backends_processor/consul_kv.go:130.7,131.11 1 1
mlb/backends_processor/consul_kv.go:132.30,141.7 2 1
mlb/backends_processor/consul_kv.go:142.28,143.21 1 1
mlb/backends_processor/consul_kv.go:144.62,150.38 3 1
mlb/backends_processor/consul_kv.go:150.38,151.54 1 1
mlb/backends_processor/consul_kv.go:151.54,153.8 1 1
mlb/backends_processor/consul_kv.go:157.6,157.46 1 1
mlb/backends_processor/consul_kv.go:157.46,158.49 1 1
mlb/backends_processor/consul_kv.go:158.49,160.8 1 1
mlb/backends_processor/consul_kv.go:161.7,161.38 1 1
mlb/backends_processor/consul_kv.go:165.6,165.38 1 1
mlb/backends_processor/consul_kv.go:165.38,168.28 3 1
mlb/backends_processor/consul_kv.go:168.28,170.8 1 1
mlb/backends_processor/consul_kv.go:171.7,171.16 1 1
mlb/backends_processor/consul_kv.go:171.16,172.49 1 1
mlb/backends_processor/consul_kv.go:172.49,174.9 1 1
mlb/backends_processor/consul_kv.go:175.8,176.68 2 1
mlb/backends_processor/consul_kv.go:181.6,185.8 1 1
mlb/backends_processor/consul_kv.go:186.36,188.37 1 1
mlb/backends_processor/consul_kv.go:188.37,190.47 1 1
mlb/backends_processor/consul_kv.go:190.47,191.50 1 1
mlb/backends_processor/consul_kv.go:191.50,193.9 1 1
mlb/backends_processor/consul_kv.go:194.8,194.39 1 1
mlb/backends_processor/consul_kv.go:198.7,204.9 2 1
mlb/backends_processor/consul_kv.go:207.24,208.19 1 1
mlb/backends_processor/consul_kv.go:213.2,213.10 1 1
mlb/backends_processor/consul_kv.go:216.70,218.2 1 1
mlb/backends_processor/consul_kv.go:220.61,221.9 1 1
mlb/backends_processor/consul_kv.go:222.24,222.24 0 1
mlb/backends_processor/consul_kv.go:223.23,223.23 0 0
mlb/backends_processor/consul_kv.go:227.67,229.2 1 1
mlb/backends_processor/consul_kv.go:231.45,233.2 1 1
mlb/backends_processor/consul_kv.go:235.35,237.2 1 1
mlb/backends_processor/consul_kv.go:239.56,241.2 1 1
mlb/backends_processor/consul_kv.go:243.53,245.2 1 1
mlb/backends_processor/consul_kv.go:273.259,289.12 5 1
mlb/backends_processor/consul_kv.go:289.12,296.7 5 1
mlb/backends_processor/consul_kv.go:296.7,299.40 2 1
mlb/backends_processor/consul_kv.go:299.40,301.5 1 1
mlb/backends_processor/consul_kv.go:301.10,301.25 1 1
mlb/backends_processor/consul_kv.go:301.25,303.60 2 1
mlb/backends_processor/consul_kv.go:303.60,305.6 1 1
mlb/backends_processor/consul_kv.go:306.10,307.53 1 1
mlb/backends_processor/consul_kv.go:307.53,309.6 1 1
mlb/backends_processor/consul_kv.go:312.5,312.77 1 1
mlb/backends_processor/consul_kv.go:312.77,314.44 2 1
mlb/backends_processor/consul_kv.go:314.44,316.7 1 1
mlb/backends_processor/consul_kv.go:317.6,323.7 2 1
mlb/backends_processor/consul_kv.go:326.5,326.21 1 1
mlb/backends_processor/consul_kv.go:329.4,329.11 1 1
mlb/backends_processor/consul_kv.go:330.22,330.22 0 1
mlb/backends_processor/consul_kv.go:331.24,332.11 1 1
mlb/backends_processor/consul_kv.go:338.2,338.10 1 1
mlb/backends_processor/consul_kv.go:341.72,343.15 1 1
mlb/backends_processor/consul_kv.go:343.15,344.31 1 1
mlb/backends_processor/consul_kv.go:344.31,346.4 1 1
mlb/backends_processor/consul_kv.go:349.2,363.28 10 1
mlb/backends_processor/consul_kv.go:363.28,365.3 1 1
mlb/backends_processor/consul_kv.go:365.8,365.35 1 1
mlb/backends_processor/consul_kv.go:365.35,366.62 1 1
mlb/backends_processor/consul_kv.go:369.2,385.36 11 1
mlb/backends_processor/mysql.go:25.13,27.2 1 1
mlb/backends_processor/mysql.go:69.73,72.2 2 1
mlb/backends_processor/mysql.go:74.74,76.77 2 1
mlb/backends_processor/mysql.go:76.77,78.3 1 1
mlb/backends_processor/mysql.go:79.2,80.25 2 1
mlb/backends_processor/mysql.go:80.25,82.3 1 1
mlb/backends_processor/mysql.go:83.2,83.28 1 1
mlb/backends_processor/mysql.go:83.28,85.3 1 1
mlb/backends_processor/mysql.go:86.2,86.31 1 1
mlb/backends_processor/mysql.go:86.31,88.3 1 1
mlb/backends_processor/mysql.go:89.2,89.33 1 1
mlb/backends_processor/mysql.go:89.33,91.3 1 1
mlb/backends_processor/mysql.go:92.2,92.30 1 1
mlb/backends_processor/mysql.go:92.30,94.3 1 1
mlb/backends_processor/mysql.go:95.2,95.31 1 1
mlb/backends_processor/mysql.go:95.31,97.3 1 1
mlb/backends_processor/mysql.go:98.2,98.34 1 1
mlb/backends_processor/mysql.go:98.34,100.3 1 1
mlb/backends_processor/mysql.go:101.2,101.15 1 1
mlb/backends_processor/mysql.go:104.101,141.12 19 1
mlb/backends_processor/mysql.go:141.12,150.7 7 1
mlb/backends_processor/mysql.go:150.7,151.11 1 1
mlb/backends_processor/mysql.go:152.27,157.7 1 1
mlb/backends_processor/mysql.go:159.28,161.21 2 1
mlb/backends_processor/mysql.go:162.62,163.48 1 1
mlb/backends_processor/mysql.go:163.48,171.7 2 1
mlb/backends_processor/mysql.go:171.12,194.21 12 1
mlb/backends_processor/mysql.go:194.21,196.8 1 1
mlb/backends_processor/mysql.go:196.13,204.8 3 1
mlb/backends_processor/mysql.go:206.36,208.48 1 1
mlb/backends_processor/mysql.go:208.48,217.7 5 1
mlb/backends_processor/mysql.go:219.5,219.26 1 1
mlb/backends_processor/mysql.go:221.24,222.11 1 1
mlb/backends_processor/mysql.go:227.2,227.10 1 1
mlb/backends_processor/mysql.go:230.37,235.35 3 1
mlb/backends_processor/mysql.go:235.35,237.3 1 1
mlb/backends_processor/mysql.go:240.74,242.2 1 1
mlb/backends_processor/mysql.go:244.65,245.9 1 1
mlb/backends_processor/mysql.go:246.24,246.24 0 1
mlb/backends_processor/mysql.go:247.23,247.23 0 0
mlb/backends_processor/mysql.go:251.71,253.2 1 1
mlb/backends_processor/mysql.go:255.49,257.2 1 1
mlb/backends_processor/mysql.go:259.39,261.2 1 1
mlb/backends_processor/mysql.go:263.60,265.2 1 1
mlb/backends_processor/mysql.go:267.57,269.2 1 1
mlb/backends_processor/mysql.go:291.231,307.20 4 1
mlb/backends_processor/mysql.go:307.20,310.3 2 1
mlb/backends_processor/mysql.go:311.2,311.10 1 1
mlb/backends_processor/mysql.go:314.76,315.15 1 1
mlb/backends_processor/mysql.go:315.15,316.31 1 1
mlb/backends_processor/mysql.go:316.31,319.4 2 1
mlb/backends_processor/mysql.go:322.2,330.35 6 1
mlb/backends_processor/mysql.go:333.88,334.15 1 1
mlb/backends_processor/mysql.go:334.15,335.31 1 1
mlb/backends_processor/mysql.go:335.31,338.4 2 0
mlb/backends_processor/mysql.go:342.2,352.19 7 1
mlb/backends_processor/mysql.go:352.19,357.26 4 1
mlb/backends_processor/mysql.go:357.26,358.45 1 1
mlb/backends_processor/mysql.go:358.45,360.10 2 1
mlb/backends_processor/mysql.go:363.3,363.22 1 1
mlb/backends_processor/mysql.go:363.22,365.4 1 0
mlb/backends_processor/mysql.go:368.3,370.26 3 1
mlb/backends_processor/mysql.go:370.26,371.22 1 1
mlb/backends_processor/mysql.go:371.22,373.5 1 1
mlb/backends_processor/mysql.go:373.10,375.5 1 1
mlb/backends_processor/mysql.go:377.3,381.21 3 1
mlb/backends_processor/mysql.go:381.21,383.4 1 1
mlb/backends_processor/mysql.go:386.2,386.50 1 1
mlb/backends_processor/mysql.go:389.124,390.15 1 1
mlb/backends_processor/mysql.go:390.15,391.31 1 1
mlb/backends_processor/mysql.go:391.31,399.19 6 1
mlb/backends_processor/mysql.go:399.19,401.5 1 1
mlb/backends_processor/mysql.go:402.4,403.18 2 1
mlb/backends_processor/mysql.go:403.18,405.5 1 1
mlb/backends_processor/mysql.go:405.10,410.5 4 1
mlb/backends_processor/mysql.go:413.4,413.59 1 1
mlb/backends_processor/mysql.go:413.59,415.5 1 1
mlb/backends_processor/mysql.go:419.2,427.20 5 1
mlb/backends_processor/mysql.go:427.20,430.3 2 1
mlb/backends_processor/mysql.go:433.2,433.50 1 1
mlb/backends_processor/mysql.go:433.50,435.3 1 0
mlb/backends_processor/mysql.go:437.2,437.59 1 1
mlb/backends_processor/mysql.go:440.37,443.16 2 1
mlb/backends_processor/mysql.go:443.16,445.3 1 1
mlb/backends_processor/mysql.go:447.2,450.72 3 1
mlb/backends_processor/mysql.go:450.72,453.27 2 1
mlb/backends_processor/mysql.go:453.27,455.4 1 1
mlb/backends_processor/mysql.go:455.9,457.4 1 1
mlb/backends_processor/mysql.go:458.3,458.17 1 1
mlb/backends_processor/mysql.go:461.2,462.78 2 1
mlb/backends_processor/mysql.go:462.78,465.29 2 1
mlb/backends_processor/mysql.go:465.29,467.4 1 1
mlb/backends_processor/mysql.go:467.9,469.4 1 1
mlb/backends_processor/mysql.go:470.3,470.17 1 1
mlb/backends_processor/mysql.go:473.2,473.20 1 1
mlb/backends_processor/mysql.go:473.20,475.97 2 1
mlb/backends_processor/mysql.go:475.97,483.36 6 1
mlb/backends_processor/mysql.go:483.36,485.5 1 1
mlb/backends_processor/mysql.go:485.10,491.5 4 1
mlb/backends_processor/mysql.go:492.4,492.18 1 1
mlb/backends_processor/mysql.go:496.2,496.13 1 1
mlb/backends_processor/mysql.go:496.13,497.10 1 1
mlb/backends_processor/mysql.go:498.34,498.34 0 1
mlb/backends_processor/mysql.go:499.21,499.21 0 1
mlb/backends_processor/mysql.go:504.43,506.15 2 1
mlb/backends_processor/mysql.go:506.15,509.3 2 1
mlb/backends_processor/mysql.go:511.2,515.16 4 1
mlb/backends_processor/mysql.go:515.16,518.3 2 1
mlb/backends_processor/mysql.go:519.2,529.12 8 1
mlb/backends_processor/mysql.go:529.12,530.16 1 1
mlb/backends_processor/mysql.go:530.16,537.17 6 1
mlb/backends_processor/mysql.go:537.17,539.5 1 1
mlb/backends_processor/mysql.go:540.4,540.21 1 1
mlb/backends_processor/mysql.go:540.21,542.5 1 1
mlb/backends_processor/mysql.go:545.3,545.7 1 1
mlb/backends_processor/mysql.go:545.7,549.11 2 1
mlb/backends_processor/mysql.go:550.22,551.11 1 1
mlb/backends_processor/mysql.go:552.22,552.22 0 1
mlb/backends_processor/mysql.go:557.2,557.12 1 1
mlb/backends_processor/mysql.go:560.36,564.16 3 1
mlb/backends_processor/mysql.go:564.16,566.3 1 1
mlb/backends_processor/mysql.go:568.2,568.21 1 1
mlb/backends_processor/mysql.go:568.21,570.3 1 1
mlb/backends_processor/mysql.go:572.2,572.9 1 1
mlb/backends_processor/mysql.go:573.20,573.20 0 1
mlb/backends_processor/mysql.go:574.10,575.20 1 1
mlb/backends_processor/simple_filter.go:16.13,18.2 1 1
mlb/backends_processor/simple_filter.go:39.73,42.2 2 1
mlb/backends_processor/simple_filter.go:44.74,46.77 2 1
mlb/backends_processor/simple_filter.go:46.77,48.3 1 1
mlb/backends_processor/simple_filter.go:49.2,50.15 2 1
mlb/backends_processor/simple_filter.go:53.101,72.12 6 1
mlb/backends_processor/simple_filter.go:72.12,79.7 5 1
mlb/backends_processor/simple_filter.go:79.7,80.11 1 1
mlb/backends_processor/simple_filter.go:81.28,82.21 1 1
mlb/backends_processor/simple_filter.go:83.62,84.37 1 1
mlb/backends_processor/simple_filter.go:84.37,85.37 1 1
mlb/backends_processor/simple_filter.go:85.37,92.8 2 1
mlb/backends_processor/simple_filter.go:92.13,98.8 2 1
mlb/backends_processor/simple_filter.go:99.12,100.37 1 1
mlb/backends_processor/simple_filter.go:100.37,107.8 2 1
mlb/backends_processor/simple_filter.go:109.36,111.37 1 1
mlb/backends_processor/simple_filter.go:111.37,117.7 2 1
mlb/backends_processor/simple_filter.go:119.22,120.19 1 1
mlb/backends_processor/simple_filter.go:125.2,125.10 1 1
mlb/backends_processor/simple_filter.go:128.74,130.2 1 1
mlb/backends_processor/simple_filter.go:132.61,135.23 3 1
mlb/backends_processor/simple_filter.go:135.23,138.3 2 1
mlb/backends_processor/simple_filter.go:139.2,139.27 1 1
mlb/backends_processor/simple_filter.go:142.65,143.9 1 1
mlb/backends_processor/simple_filter.go:144.24,144.24 0 1
mlb/backends_processor/simple_filter.go:145.23,145.23 0 0
mlb/backends_processor/simple_filter.go:149.71,151.2 1 1
mlb/backends_processor/simple_filter.go:153.49,155.2 1 1
mlb/backends_processor/simple_filter.go:157.39,159.2 1 1
mlb/backends_processor/simple_filter.go:161.60,163.2 1 1
mlb/backends_processor/simple_filter.go:165.57,167.2 1 1
mlb/system/system.go:22.97,26.2 3 1
mlb/system/system.go:28.36,31.2 2 1
mlb/system/system.go:33.37,43.2 6 1
mlb/main.go:31.13,42.15 8 0
mlb/main.go:42.15,44.3 1 0
mlb/main.go:47.2,47.44 1 0
mlb/main.go:47.44,49.3 1 0
mlb/main.go:51.2,51.24 1 0
mlb/main.go:51.24,54.3 1 0
mlb/main.go:54.8,60.24 4 0
mlb/main.go:60.24,62.4 1 0
mlb/main.go:65.3,65.25 1 0
mlb/main.go:65.25,67.66 1 0
mlb/main.go:67.66,69.5 1 0
mlb/main.go:72.4,72.34 1 0
mlb/main.go:72.34,74.5 1 0
mlb/main.go:78.3,80.48 2 0
mlb/main.go:80.48,82.4 1 0
mlb/main.go:83.3,83.48 1 0
mlb/main.go:83.48,85.4 1 0
mlb/main.go:86.3,86.39 1 0
mlb/main.go:86.39,88.4 1 0
mlb/main.go:89.3,89.36 1 0
mlb/main.go:89.36,91.4 1 0
mlb/main.go:94.3,94.24 1 0
mlb/main.go:94.24,96.4 1 0
mlb/main.go:99.3,99.77 1 0
mlb/main.go:99.77,103.41 4 0
mlb/main.go:103.41,105.5 1 0
mlb/main.go:106.4,107.18 2 0
mlb/main.go:107.18,110.5 2 0
mlb/main.go:111.4,111.16 1 0
mlb/main.go:113.3,115.79 2 0
mlb/main.go:115.79,117.4 1 0
mlb/main.go:120.3,122.13 3 0
mlb/main.go:122.13,123.8 1 0
mlb/main.go:123.8,124.26 1 0
mlb/main.go:125.42,128.12 3 0
mlb/main.go:134.3,134.23 1 0
mlb/main.go:134.23,135.14 1 0
mlb/main.go:135.14,139.5 2 0
mlb/main.go:142.3,142.12 1 0
mlb/process_manager.go:16.64,25.28 4 1
mlb/process_manager.go:25.28,26.58 1 1
mlb/process_manager.go:26.58,27.12 1 1
mlb/process_manager.go:29.3,29.25 1 1
mlb/process_manager.go:31.2,36.16 4 1
mlb/process_manager.go:36.16,39.3 2 1
mlb/process_manager.go:40.2,42.12 2 1
mlb/process_manager.go:42.12,46.3 3 1
mlb/process_manager.go:48.2,48.15 1 1
mlb/process_manager.go:51.23,56.2 3 1
mlb/process_manager.go:58.55,65.16 5 1
mlb/process_manager.go:65.16,67.3 1 1
mlb/process_manager.go:68.2,72.6 3 1
mlb/process_manager.go:72.6,73.10 1 1
mlb/process_manager.go:74.27,75.13 1 1
mlb/process_manager.go:76.41,78.33 2 1
mlb/process_manager.go:78.33,80.6 1 1
mlb/process_manager.go:82.24,83.24 1 1
mlb/process_manager.go:83.24,86.6 1 1
mlb/process_manager.go:86.11,89.20 3 1
mlb/process_manager.go:89.20,92.7 2 1
mlb/process_manager.go:92.12,95.7 2 1
mlb/process_manager.go:98.25,100.33 2 1
mlb/process_manager.go:100.33,101.23 1 1
mlb/process_manager.go:101.23,103.7 1 1
mlb/process_manager.go:105.5,105.19 1 1
mlb/process_manager.go:107.27,108.21 1 1
mlb/process_manager.go:108.21,111.5 2 1
mlb/process_manager.go:111.10,113.5 1 1
mlb/process_manager.go:115.4,117.27 2 1
mlb/process_manager.go:117.27,119.15 2 1
mlb/testutil/wait.go:12.124,15.29 3 1
mlb/testutil/wait.go:15.29,16.18 1 1
mlb/testutil/wait.go:16.18,18.4 1 1
mlb/testutil/wait.go:19.3,19.19 1 1
mlb/testutil/wait.go:23.2,23.17 1 1
mlb/testutil/wait.go:23.17,25.3 1 1
mlb/testutil/wait.go:27.2,27.25 1 1
mlb/testutil/wait.go:27.25,29.3 1 1
mlb/testutil/wait.go:29.8,31.3 1 1
mlb/testutil/wait.go:36.127,39.29 3 1
mlb/testutil/wait.go:39.29,40.19 1 1
mlb/testutil/wait.go:40.19,41.27 1 1
mlb/testutil/wait.go:41.27,43.5 1 1
mlb/testutil/wait.go:43.10,45.5 1 1
mlb/testutil/wait.go:46.4,46.10 1 1
mlb/testutil/wait.go:48.3,48.19 1 1
mlb/testutil/wait.go:53.2,53.18 1 1
mlb/testutil/wait.go:53.18,55.26 1 1
mlb/testutil/wait.go:55.26,59.4 1 1
mlb/testutil/wait.go:59.9,63.4 1 1
mlb/testutil/wait.go:68.57,69.26 1 1
mlb/testutil/wait.go:69.26,71.3 1 1
mlb/testutil/wait.go:72.2,72.26 1 1
mlb/testutil/wait.go:72.26,74.3 1 1
mlb/testutil/wait.go:75.2,75.69 1 1
mlb/testutil/wait.go:75.69,77.3 1 1
mlb/testutil/wait.go:78.2,79.30 2 1
mlb/proxy/proxy.go:19.91,20.46 1 1
mlb/proxy/proxy.go:20.46,29.3 1 1
mlb/proxy/proxy.go:30.2,37.18 3 1
mlb/proxy/proxy.go:39.77,41.2 1 1
mlb/proxy/proxy.go:43.49,45.2 1 1
mlb/proxy/redis_backend_connection.go:29.131,31.15 1 1
mlb/proxy/redis_backend_connection.go:31.15,32.31 1 1
mlb/proxy/redis_backend_connection.go:32.31,35.4 2 1
mlb/proxy/redis_backend_connection.go:38.2,64.36 11 1
mlb/proxy/redis_backend_connection.go:64.36,81.3 7 1
mlb/proxy/redis_backend_connection.go:84.2,84.12 1 1
mlb/proxy/redis_backend_connection.go:84.12,85.7 1 1
mlb/proxy/redis_backend_connection.go:85.7,86.11 1 1
mlb/proxy/redis_backend_connection.go:87.34,90.19 3 1
mlb/proxy/redis_backend_connection.go:90.19,91.57 1 0
mlb/proxy/redis_backend_connection.go:91.57,93.7 1 0
mlb/proxy/redis_backend_connection.go:94.6,96.12 3 0
mlb/proxy/redis_backend_connection.go:98.26,99.11 1 1
mlb/proxy/redis_backend_connection.go:105.2,105.12 1 1
mlb/proxy/redis_backend_connection.go:105.12,108.7 2 1
mlb/proxy/redis_backend_connection.go:108.7,110.18 2 1
mlb/proxy/redis_backend_connection.go:110.18,111.56 1 1
mlb/proxy/redis_backend_connection.go:111.56,113.6 1 1
mlb/proxy/redis_backend_connection.go:114.5,115.11 2 1
mlb/proxy/redis_backend_connection.go:117.4,118.11 2 1
mlb/proxy/redis_backend_connection.go:119.32,119.32 0 1
mlb/proxy/redis_backend_connection.go:120.26,121.11 1 0
mlb/proxy/redis_backend_connection.go:124.4,125.18 2 1
mlb/proxy/redis_backend_connection.go:125.18,127.5 1 0
mlb/proxy/redis_backend_connection.go:131.2,131.17 1 1
mlb/proxy/redis_backend_connection.go:134.73,135.9 1 1
mlb/proxy/redis_backend_connection.go:136.26,137.13 1 1
mlb/proxy/redis_backend_connection.go:138.27,139.55 1 1
mlb/proxy/redis_backend_connection.go:143.59,145.6 2 1
mlb/proxy/redis_backend_connection.go:145.6,146.10 1 1
mlb/proxy/redis_backend_connection.go:147.32,148.17 1 1
mlb/proxy/redis_backend_connection.go:149.11,150.10 1 1
mlb/proxy/redis_backend_connection_pool.go:28.83,42.12 4 1
mlb/proxy/redis_backend_connection_pool.go:42.12,43.7 1 1
mlb/proxy/redis_backend_connection_pool.go:43.7,44.11 1 1
mlb/proxy/redis_backend_connection_pool.go:45.35,48.41 3 1
mlb/proxy/redis_backend_connection_pool.go:49.27,50.11 1 1
mlb/proxy/redis_backend_connection_pool.go:55.2,55.13 1 1
mlb/proxy/redis_backend_connection_pool.go:58.59,59.42 1 1
mlb/proxy/redis_backend_connection_pool.go:59.42,63.3 3 1
mlb/proxy/redis_backend_connection_pool.go:63.8,63.51 1 1
mlb/proxy/redis_backend_connection_pool.go:63.51,67.3 3 1
mlb/proxy/redis_backend_connection_pool.go:70.73,72.21 2 1
mlb/proxy/redis_backend_connection_pool.go:72.21,75.3 2 0
mlb/proxy/redis_backend_connection_pool.go:76.2,79.9 3 1
mlb/proxy/redis_backend_connection_pool.go:80.18,81.13 1 1
mlb/proxy/redis_backend_connection_pool.go:82.20,83.19 1 1
mlb/proxy/redis_backend_connection_pool.go:87.86,92.65 3 1
mlb/proxy/redis_backend_connection_pool.go:92.65,98.3 5 1
mlb/proxy/redis_backend_connection_pool.go:100.2,100.29 1 1
mlb/proxy/redis_backend_connection_pool.go:100.29,102.3 1 1
mlb/proxy/redis_backend_connection_pool.go:103.2,103.12 1 1
mlb/proxy/redis_backend_connection_pool.go:106.74,111.2 4 1
mlb/proxy/redis_backend_connection_pool.go:113.84,115.2 1 1
mlb/proxy/redis_backend_connection_pool.go:117.50,123.30 4 1
mlb/proxy/redis_backend_connection_pool.go:123.30,124.53 1 1
mlb/proxy/redis_backend_connection_pool.go:124.53,127.4 2 1
mlb/proxy/redis_backend_connection_pool.go:129.2,135.6 4 1
mlb/proxy/redis_backend_connection_pool.go:135.6,140.54 4 1
mlb/proxy/redis_backend_connection_pool.go:140.54,141.9 1 1
mlb/proxy/redis_backend_connection_pool.go:145.3,146.7 2 1
mlb/proxy/redis_backend_connection_pool.go:146.7,148.25 2 1
mlb/proxy/redis_backend_connection_pool.go:148.25,150.10 2 1
mlb/proxy/redis_backend_connection_pool.go:152.4,156.11 3 1
mlb/proxy/redis_backend_connection_pool.go:157.27,158.11 1 1
mlb/proxy/redis_backend_connection_pool.go:159.12,159.12 0 1
mlb/proxy/redis_backend_connection_pool.go:162.3,166.17 3 1
mlb/proxy/redis_backend_connection_pool.go:166.17,169.4 2 1
mlb/proxy/redis_backend_connection_pool.go:169.9,173.4 3 1
mlb/proxy/redis_backend_connection_pool.go:176.3,176.10 1 1
mlb/proxy/redis_backend_connection_pool.go:177.26,178.10 1 1
mlb/proxy/redis_backend_connection_pool.go:179.11,179.11 0 1
mlb/proxy/redis_backend_connection_pool.go:183.2,185.21 3 1
mlb/proxy/redis_protocol.go:19.39,20.17 1 1
mlb/proxy/redis_protocol.go:20.17,22.3 1 1
mlb/proxy/redis_protocol.go:24.2,25.17 2 1
mlb/proxy/redis_protocol.go:25.17,28.18 3 1
mlb/proxy/redis_protocol.go:28.18,30.4 1 1
mlb/proxy/redis_protocol.go:33.2,34.22 2 1
mlb/proxy/redis_protocol.go:34.22,35.25 1 1
mlb/proxy/redis_protocol.go:35.25,37.4 1 1
mlb/proxy/redis_protocol.go:38.3,38.28 1 1
mlb/proxy/redis_protocol.go:41.2,41.9 1 1
mlb/proxy/redis_protocol.go:41.9,43.3 1 1
mlb/proxy/redis_protocol.go:44.2,44.17 1 1
mlb/proxy/redis_protocol.go:60.90,66.2 1 1
mlb/proxy/redis_protocol.go:76.77,96.29 7 1
mlb/proxy/redis_protocol.go:96.29,99.34 3 1
mlb/proxy/redis_protocol.go:99.34,101.4 1 1
mlb/proxy/redis_protocol.go:101.9,101.27 1 1
mlb/proxy/redis_protocol.go:101.27,103.4 1 1
mlb/proxy/redis_protocol.go:105.3,105.21 1 1
mlb/proxy/redis_protocol.go:105.21,106.12 1 1
mlb/proxy/redis_protocol.go:109.3,114.24 3 1
mlb/proxy/redis_protocol.go:114.24,116.4 1 1
mlb/proxy/redis_protocol.go:118.3,118.10 1 1
mlb/proxy/redis_protocol.go:118.10,120.4 1 1
mlb/proxy/redis_protocol.go:120.9,122.19 1 1
mlb/proxy/redis_protocol.go:123.43,125.25 1 1
mlb/proxy/redis_protocol.go:125.25,127.6 1 1
mlb/proxy/redis_protocol.go:129.23,131.25 1 1
mlb/proxy/redis_protocol.go:131.25,133.6 1 1
mlb/proxy/redis_protocol.go:135.5,135.59 1 1
mlb/proxy/redis_protocol.go:135.59,137.6 1 1
mlb/proxy/redis_protocol.go:137.11,138.23 1 1
mlb/proxy/redis_protocol.go:138.23,139.14 1 1
mlb/proxy/redis_protocol.go:139.14,140.13 1 1
mlb/proxy/redis_protocol.go:142.7,142.87 1 0
mlb/proxy/redis_protocol.go:144.6,145.24 2 1
mlb/proxy/redis_protocol.go:145.24,146.14 1 1
mlb/proxy/redis_protocol.go:146.14,147.13 1 0
mlb/proxy/redis_protocol.go:149.7,149.26 1 1
mlb/proxy/redis_protocol.go:152.6,152.19 1 1
mlb/proxy/redis_protocol.go:152.19,157.7 3 1
mlb/proxy/redis_protocol.go:160.13,162.26 1 1
mlb/proxy/redis_protocol.go:162.26,164.6 1 1
mlb/proxy/redis_protocol.go:165.5,165.22 1 1
mlb/proxy/redis_protocol.go:165.22,166.13 1 1
mlb/proxy/redis_protocol.go:166.13,167.12 1 1
mlb/proxy/redis_protocol.go:169.6,169.96 1 0
mlb/proxy/redis_protocol.go:171.5,172.23 2 1
mlb/proxy/redis_protocol.go:172.23,173.13 1 1
mlb/proxy/redis_protocol.go:173.13,174.12 1 0
mlb/proxy/redis_protocol.go:176.6,176.25 1 1
mlb/proxy/redis_protocol.go:178.5,178.17 1 1
mlb/proxy/redis_protocol.go:178.17,183.6 3 1
mlb/proxy/redis_protocol.go:183.11,186.6 1 1
mlb/proxy/redis_protocol.go:188.33,190.25 1 1
mlb/proxy/redis_protocol.go:190.25,192.6 1 1
mlb/proxy/redis_protocol.go:194.5,194.59 1 1
mlb/proxy/redis_protocol.go:194.59,195.24 1 1
mlb/proxy/redis_protocol.go:195.24,197.7 1 1
mlb/proxy/redis_protocol.go:198.6,198.31 1 1
mlb/proxy/redis_protocol.go:199.11,200.23 1 1
mlb/proxy/redis_protocol.go:200.23,201.14 1 1
mlb/proxy/redis_protocol.go:201.14,202.13 1 1
mlb/proxy/redis_protocol.go:204.7,204.86 1 0
mlb/proxy/redis_protocol.go:206.6,207.24 2 1
mlb/proxy/redis_protocol.go:207.24,208.14 1 1
mlb/proxy/redis_protocol.go:208.14,209.13 1 0
mlb/proxy/redis_protocol.go:211.7,211.26 1 1
mlb/proxy/redis_protocol.go:214.6,216.42 2 1
mlb/proxy/redis_protocol.go:216.42,218.7 1 1
mlb/proxy/redis_protocol.go:220.6,220.24 1 1
mlb/proxy/redis_protocol.go:220.24,222.7 1 1
mlb/proxy/redis_protocol.go:224.6,224.19 1 1
mlb/proxy/redis_protocol.go:224.19,226.7 1 1
mlb/proxy/redis_protocol.go:229.13,231.25 1 1
mlb/proxy/redis_protocol.go:231.25,233.6 1 1
mlb/proxy/redis_protocol.go:234.5,234.28 1 1
mlb/proxy/redis_protocol.go:234.28,236.6 1 1
mlb/proxy/redis_protocol.go:238.5,238.33 1 1
mlb/proxy/redis_protocol.go:240.12,242.21 1 1
mlb/proxy/redis_protocol.go:242.21,244.6 1 1
mlb/proxy/redis_protocol.go:250.3,250.50 1 1
mlb/proxy/redis_protocol.go:250.50,252.4 1 1
mlb/proxy/redis_protocol.go:255.3,255.22 1 1
mlb/proxy/redis_protocol.go:258.2,259.9 2 1
mlb/proxy/redis_protocol.go:259.9,261.3 1 1
mlb/proxy/redis_protocol.go:263.2,263.53 1 1
mlb/proxy/redis_protocol.go:268.61,270.53 1 1
mlb/proxy/redis_protocol.go:270.53,272.26 1 1
mlb/proxy/redis_protocol.go:272.26,274.4 1 1
mlb/proxy/redis_protocol.go:274.9,284.4 6 1
mlb/proxy/redis_protocol.go:288.2,294.15 4 1
mlb/proxy/redis_protocol.go:299.74,302.58 2 1
mlb/proxy/redis_protocol.go:302.58,304.38 1 1
mlb/proxy/redis_protocol.go:304.38,306.14 2 1
mlb/proxy/redis_protocol.go:306.14,309.5 1 1
mlb/proxy/redis_protocol.go:309.10,309.42 1 1
mlb/proxy/redis_protocol.go:309.42,311.5 1 1
mlb/proxy/redis_protocol.go:317.3,317.144 1 1
mlb/proxy/redis_protocol.go:317.144,320.4 2 1
mlb/proxy/redis_protocol.go:323.2,323.17 1 0
mlb/proxy/redis_proxy.go:25.13,27.2 1 1
mlb/proxy/redis_proxy.go:72.71,75.2 2 1
mlb/proxy/redis_proxy.go:77.70,79.77 2 1
mlb/proxy/redis_proxy.go:79.77,81.3 1 0
mlb/proxy/redis_proxy.go:82.2,83.33 2 1
mlb/proxy/redis_proxy.go:83.33,85.3 1 1
mlb/proxy/redis_proxy.go:86.2,86.31 1 1
mlb/proxy/redis_proxy.go:86.31,88.3 1 1
mlb/proxy/redis_proxy.go:89.2,89.37 1 1
mlb/proxy/redis_proxy.go:89.37,91.3 1 1
mlb/proxy/redis_proxy.go:92.2,92.28 1 1
mlb/proxy/redis_proxy.go:92.28,94.3 1 1
mlb/proxy/redis_proxy.go:95.2,95.33 1 1
mlb/proxy/redis_proxy.go:95.33,97.3 1 1
mlb/proxy/redis_proxy.go:98.2,98.42 1 1
mlb/proxy/redis_proxy.go:98.42,100.3 1 1
mlb/proxy/redis_proxy.go:101.2,101.43 1 1
mlb/proxy/redis_proxy.go:101.43,103.3 1 1
mlb/proxy/redis_proxy.go:104.2,104.30 1 1
mlb/proxy/redis_proxy.go:104.30,106.3 1 1
mlb/proxy/redis_proxy.go:107.2,107.33 1 1
mlb/proxy/redis_proxy.go:107.33,109.3 1 1
mlb/proxy/redis_proxy.go:110.2,110.36 1 1
mlb/proxy/redis_proxy.go:110.36,112.3 1 1
mlb/proxy/redis_proxy.go:113.2,113.15 1 1
mlb/proxy/redis_proxy.go:116.99,154.12 18 1
mlb/proxy/redis_proxy.go:154.12,161.7 5 1
mlb/proxy/redis_proxy.go:161.7,162.11 1 1
mlb/proxy/redis_proxy.go:163.39,164.21 1 1
mlb/proxy/redis_proxy.go:165.34,166.41 1 1
mlb/proxy/redis_proxy.go:167.37,168.44 1 1
mlb/proxy/redis_proxy.go:169.36,170.36 1 1
mlb/proxy/redis_proxy.go:172.5,172.40 1 1
mlb/proxy/redis_proxy.go:174.24,175.19 1 1
mlb/proxy/redis_proxy.go:180.2,180.10 1 1
mlb/proxy/redis_proxy.go:183.65,188.70 2 1
mlb/proxy/redis_proxy.go:188.70,190.44 2 1
mlb/proxy/redis_proxy.go:190.44,192.5 1 1
mlb/proxy/redis_proxy.go:192.19,194.5 1 0
mlb/proxy/redis_proxy.go:195.4,195.16 1 1
mlb/proxy/redis_proxy.go:200.2,203.34 3 1
mlb/proxy/redis_proxy.go:203.34,206.3 2 1
mlb/proxy/redis_proxy.go:208.2,209.12 2 1
mlb/proxy/redis_proxy.go:209.12,215.7 5 1
mlb/proxy/redis_proxy.go:215.7,217.37 2 1
mlb/proxy/redis_proxy.go:217.37,218.10 1 1
mlb/proxy/redis_proxy.go:220.4,223.31 4 1
mlb/proxy/redis_proxy.go:226.3,226.25 1 1
mlb/proxy/redis_proxy.go:230.59,240.32 6 1
mlb/proxy/redis_proxy.go:240.32,243.51 3 1
mlb/proxy/redis_proxy.go:243.51,245.4 1 0
mlb/proxy/redis_proxy.go:249.2,249.57 1 1
mlb/proxy/redis_proxy.go:249.57,251.50 2 1
mlb/proxy/redis_proxy.go:251.50,254.4 2 1
mlb/proxy/redis_proxy.go:256.3,256.33 1 1
mlb/proxy/redis_proxy.go:256.33,258.4 1 1
mlb/proxy/redis_proxy.go:260.2,263.15 2 1
mlb/proxy/redis_proxy.go:263.15,264.31 1 1
mlb/proxy/redis_proxy.go:264.31,268.4 2 1
mlb/proxy/redis_proxy.go:272.2,282.30 7 1
mlb/proxy/redis_proxy.go:282.30,283.28 1 1
mlb/proxy/redis_proxy.go:287.2,290.12 4 1
mlb/proxy/redis_proxy.go:290.12,291.7 1 1
mlb/proxy/redis_proxy.go:291.7,292.11 1 1
mlb/proxy/redis_proxy.go:293.36,294.29 1 1
mlb/proxy/redis_proxy.go:294.29,297.20 3 1
mlb/proxy/redis_proxy.go:297.20,300.7 2 0
mlb/proxy/redis_proxy.go:301.11,304.6 2 1
mlb/proxy/redis_proxy.go:305.22,306.11 1 1
mlb/proxy/redis_proxy.go:312.2,314.6 2 1
mlb/proxy/redis_proxy.go:314.6,316.53 2 1
mlb/proxy/redis_proxy.go:316.53,318.4 1 1
mlb/proxy/redis_proxy.go:318.9,318.24 1 1
mlb/proxy/redis_proxy.go:318.24,319.59 1 0
mlb/proxy/redis_proxy.go:322.3,325.28 3 1
mlb/proxy/redis_proxy.go:325.28,329.18 2 1
mlb/proxy/redis_proxy.go:329.18,332.33 3 1
mlb/proxy/redis_proxy.go:332.33,333.31 1 0
mlb/proxy/redis_proxy.go:335.5,336.19 2 1
mlb/proxy/redis_proxy.go:336.19,337.57 1 1
mlb/proxy/redis_proxy.go:340.9,343.4 1 1
mlb/proxy/redis_proxy.go:347.37,349.2 1 1
mlb/proxy/redis_proxy.go:351.63,352.9 1 1
mlb/proxy/redis_proxy.go:353.35,353.35 0 1
mlb/proxy/redis_proxy.go:354.36,354.36 0 0
mlb/proxy/redis_proxy.go:358.69,360.2 1 1
mlb/proxy/redis_proxy.go:362.47,364.2 1 1
mlb/proxy/redis_proxy.go:366.55,370.32 2 1
mlb/proxy/redis_proxy.go:370.32,372.3 1 1
mlb/proxy/redis_query.go:29.108,36.2 1 1
mlb/proxy/redis_query.go:38.50,39.9 1 1
mlb/proxy/redis_query.go:43.4,44.13 1 1
mlb/proxy/redis_query.go:45.28,46.50 1 1
mlb/proxy/redis_query.go:50.39,52.2 1 1
mlb/proxy/redis_query.go:54.41,58.16 2 1
mlb/proxy/redis_query.go:58.16,60.3 1 1
mlb/proxy/redis_query.go:63.2,63.23 1 1
mlb/proxy/redis_query.go:63.23,65.3 1 0
mlb/proxy/redis_query.go:68.2,69.28 2 1
mlb/proxy/redis_query.go:69.28,70.27 1 1
mlb/proxy/redis_query.go:70.27,72.4 1 1
mlb/proxy/redis_query.go:72.9,74.4 1 1
mlb/proxy/redis_query.go:77.2,78.14 2 1
mlb/proxy/redis_query.go:81.50,82.22 1 1
mlb/proxy/redis_query.go:82.22,83.23 1 1
mlb/proxy/redis_query.go:83.23,85.15 2 1
mlb/proxy/redis_query.go:85.15,87.5 1 1
mlb/proxy/redis_query.go:89.4,90.15 2 1
mlb/proxy/redis_query.go:90.15,92.5 1 1
mlb/proxy/redis_query.go:94.4,95.18 2 1
mlb/proxy/redis_query.go:95.18,97.5 1 1
mlb/proxy/redis_query.go:99.4,99.42 1 1
mlb/proxy/redis_query.go:101.9,103.19 2 1
mlb/proxy/redis_query.go:103.19,105.5 1 1
mlb/proxy/redis_query.go:105.10,107.5 1 1
mlb/proxy/redis_query.go:109.8,111.3 1 1
mlb/proxy/tcp.go:26.13,28.2 1 1
mlb/proxy/tcp.go:78.69,81.2 2 1
mlb/proxy/tcp.go:83.66,85.77 2 1
mlb/proxy/tcp.go:85.77,87.3 1 0
mlb/proxy/tcp.go:88.2,89.33 2 1
mlb/proxy/tcp.go:89.33,91.3 1 1
mlb/proxy/tcp.go:92.2,92.32 1 1
mlb/proxy/tcp.go:92.32,94.3 1 1
mlb/proxy/tcp.go:95.2,95.32 1 1
mlb/proxy/tcp.go:95.32,97.3 1 1
mlb/proxy/tcp.go:98.2,98.31 1 1
mlb/proxy/tcp.go:98.31,100.3 1 1
mlb/proxy/tcp.go:101.2,101.32 1 1
mlb/proxy/tcp.go:101.32,103.3 1 1
mlb/proxy/tcp.go:104.2,104.28 1 1
mlb/proxy/tcp.go:104.28,106.3 1 1
mlb/proxy/tcp.go:107.2,107.15 1 1
mlb/proxy/tcp.go:110.97,141.19 15 1
mlb/proxy/tcp.go:141.19,143.4 1 1
mlb/proxy/tcp.go:146.2,146.10 1 1
mlb/proxy/tcp.go:149.63,162.70 3 1
mlb/proxy/tcp.go:162.70,164.44 2 1
mlb/proxy/tcp.go:164.44,166.5 1 1
mlb/proxy/tcp.go:166.19,168.5 1 0
mlb/proxy/tcp.go:169.4,169.16 1 1
mlb/proxy/tcp.go:174.2,177.34 3 1
mlb/proxy/tcp.go:177.34,180.3 2 1
mlb/proxy/tcp.go:182.2,183.12 2 1
mlb/proxy/tcp.go:183.12,189.7 5 1
mlb/proxy/tcp.go:189.7,191.37 2 1
mlb/proxy/tcp.go:191.37,192.10 1 1
mlb/proxy/tcp.go:194.4,197.42 4 1
mlb/proxy/tcp.go:200.3,200.25 1 1
mlb/proxy/tcp.go:204.196,209.15 2 1
mlb/proxy/tcp.go:209.15,210.31 1 1
mlb/proxy/tcp.go:210.31,212.4 1 1
mlb/proxy/tcp.go:215.2,220.6 4 1
mlb/proxy/tcp.go:220.6,221.24 1 1
mlb/proxy/tcp.go:221.24,223.82 2 1
mlb/proxy/tcp.go:223.82,226.5 2 1
mlb/proxy/tcp.go:228.3,229.90 2 1
mlb/proxy/tcp.go:229.90,232.4 2 1
mlb/proxy/tcp.go:234.3,234.17 1 1
mlb/proxy/tcp.go:234.17,236.26 2 1
mlb/proxy/tcp.go:236.26,238.86 2 1
mlb/proxy/tcp.go:238.86,241.6 2 1
mlb/proxy/tcp.go:243.4,244.18 2 1
mlb/proxy/tcp.go:244.18,246.5 1 1
mlb/proxy/tcp.go:247.4,247.23 1 1
mlb/proxy/tcp.go:247.23,248.44 1 1
mlb/proxy/tcp.go:248.44,250.6 1 0
mlb/proxy/tcp.go:251.5,251.11 1 1
mlb/proxy/tcp.go:255.3,255.21 1 1
mlb/proxy/tcp.go:255.21,257.4 1 1
mlb/proxy/tcp.go:261.70,266.13 4 1
mlb/proxy/tcp.go:266.13,274.3 2 1
mlb/proxy/tcp.go:275.2,275.12 1 1
mlb/proxy/tcp.go:278.77,289.57 7 1
mlb/proxy/tcp.go:289.57,291.50 2 1
mlb/proxy/tcp.go:291.50,294.4 2 1
mlb/proxy/tcp.go:296.3,296.33 1 1
mlb/proxy/tcp.go:296.33,298.4 1 1
mlb/proxy/tcp.go:300.2,302.15 2 1
mlb/proxy/tcp.go:302.15,305.3 2 1
mlb/proxy/tcp.go:308.2,313.15 4 1
mlb/proxy/tcp.go:313.15,314.31 1 1
mlb/proxy/tcp.go:314.31,318.4 2 1
mlb/proxy/tcp.go:322.2,324.54 2 1
mlb/proxy/tcp.go:324.54,326.3 1 1
mlb/proxy/tcp.go:328.2,328.20 1 1
mlb/proxy/tcp.go:328.20,330.3 1 1
mlb/proxy/tcp.go:332.2,333.20 2 1
mlb/proxy/tcp.go:333.20,335.3 1 1
mlb/proxy/tcp.go:335.8,336.40 1 1
mlb/proxy/tcp.go:339.2,353.15 10 1
mlb/proxy/tcp.go:353.15,356.3 2 1
mlb/proxy/tcp.go:359.2,366.9 5 1
mlb/proxy/tcp.go:367.23,367.23 0 1
mlb/proxy/tcp.go:368.23,368.23 0 1
mlb/proxy/tcp.go:369.20,369.20 0 1
mlb/proxy/tcp.go:373.2,374.18 2 1
mlb/proxy/tcp.go:377.35,379.2 1 1
mlb/proxy/tcp.go:381.53,384.26 2 1
mlb/proxy/tcp.go:384.26,386.3 1 1
mlb/proxy/tcp.go:389.2,389.32 1 1
mlb/proxy/tcp.go:389.32,391.3 1 1
